[0.705s] Invoking command in '/home/frequis/ros/Visao-computacional-Ros/turtle_draw_ws/src/turtle_commander': DEBUGINFOD_URLS=https://debuginfod.ubuntu.com PYTHONPATH=/home/frequis/ros/Visao-computacional-Ros/turtle_draw_ws/build/turtle_commander/prefix_override:/usr/lib/python3/dist-packages/colcon_core/task/python/colcon_distutils_commands:/home/frequis/ros/Visao-computacional-Ros/turtle_draw_ws/install/turtle_commander/lib/python3.12/site-packages:${PYTHONPATH} /usr/bin/python3 -W ignore:setup.py install is deprecated -W ignore:easy_install command is deprecated setup.py egg_info --egg-base ../../build/turtle_commander build --build-base /home/frequis/ros/Visao-computacional-Ros/turtle_draw_ws/build/turtle_commander/build install --record /home/frequis/ros/Visao-computacional-Ros/turtle_draw_ws/build/turtle_commander/install.log --single-version-externally-managed install_data
[0.888s] running egg_info
[0.888s] creating ../../build/turtle_commander/turtle_commander.egg-info
[0.902s] writing ../../build/turtle_commander/turtle_commander.egg-info/PKG-INFO
[0.902s] writing dependency_links to ../../build/turtle_commander/turtle_commander.egg-info/dependency_links.txt
[0.902s] writing entry points to ../../build/turtle_commander/turtle_commander.egg-info/entry_points.txt
[0.903s] writing requirements to ../../build/turtle_commander/turtle_commander.egg-info/requires.txt
[0.903s] writing top-level names to ../../build/turtle_commander/turtle_commander.egg-info/top_level.txt
[0.903s] writing manifest file '../../build/turtle_commander/turtle_commander.egg-info/SOURCES.txt'
[0.930s] reading manifest file '../../build/turtle_commander/turtle_commander.egg-info/SOURCES.txt'
[0.930s] writing manifest file '../../build/turtle_commander/turtle_commander.egg-info/SOURCES.txt'
[0.930s] running build
[0.930s] running build_py
[0.930s] creating /home/frequis/ros/Visao-computacional-Ros/turtle_draw_ws/build/turtle_commander/build
[0.930s] creating /home/frequis/ros/Visao-computacional-Ros/turtle_draw_ws/build/turtle_commander/build/lib
[0.930s] creating /home/frequis/ros/Visao-computacional-Ros/turtle_draw_ws/build/turtle_commander/build/lib/turtle_commander
[0.930s] copying turtle_commander/drawer_node.py -> /home/frequis/ros/Visao-computacional-Ros/turtle_draw_ws/build/turtle_commander/build/lib/turtle_commander
[0.931s] copying turtle_commander/__init__.py -> /home/frequis/ros/Visao-computacional-Ros/turtle_draw_ws/build/turtle_commander/build/lib/turtle_commander
[0.931s] running install
[0.936s] running install_lib
[0.949s] creating /home/frequis/ros/Visao-computacional-Ros/turtle_draw_ws/install/turtle_commander/lib/python3.12/site-packages/turtle_commander
[0.949s] copying /home/frequis/ros/Visao-computacional-Ros/turtle_draw_ws/build/turtle_commander/build/lib/turtle_commander/drawer_node.py -> /home/frequis/ros/Visao-computacional-Ros/turtle_draw_ws/install/turtle_commander/lib/python3.12/site-packages/turtle_commander
[0.949s] copying /home/frequis/ros/Visao-computacional-Ros/turtle_draw_ws/build/turtle_commander/build/lib/turtle_commander/__init__.py -> /home/frequis/ros/Visao-computacional-Ros/turtle_draw_ws/install/turtle_commander/lib/python3.12/site-packages/turtle_commander
[0.949s] byte-compiling /home/frequis/ros/Visao-computacional-Ros/turtle_draw_ws/install/turtle_commander/lib/python3.12/site-packages/turtle_commander/drawer_node.py to drawer_node.cpython-312.pyc
[0.950s] byte-compiling /home/frequis/ros/Visao-computacional-Ros/turtle_draw_ws/install/turtle_commander/lib/python3.12/site-packages/turtle_commander/__init__.py to __init__.cpython-312.pyc
[0.950s] running install_data
[0.950s] creating /home/frequis/ros/Visao-computacional-Ros/turtle_draw_ws/install/turtle_commander/share/ament_index
[0.950s] creating /home/frequis/ros/Visao-computacional-Ros/turtle_draw_ws/install/turtle_commander/share/ament_index/resource_index
[0.950s] creating /home/frequis/ros/Visao-computacional-Ros/turtle_draw_ws/install/turtle_commander/share/ament_index/resource_index/packages
[0.951s] copying resource/turtle_commander -> /home/frequis/ros/Visao-computacional-Ros/turtle_draw_ws/install/turtle_commander/share/ament_index/resource_index/packages
[0.951s] copying package.xml -> /home/frequis/ros/Visao-computacional-Ros/turtle_draw_ws/install/turtle_commander/share/turtle_commander
[0.951s] running install_egg_info
[0.965s] Copying ../../build/turtle_commander/turtle_commander.egg-info to /home/frequis/ros/Visao-computacional-Ros/turtle_draw_ws/install/turtle_commander/lib/python3.12/site-packages/turtle_commander-0.1.0-py3.12.egg-info
[0.965s] running install_scripts
[1.053s] Installing drawer_node script to /home/frequis/ros/Visao-computacional-Ros/turtle_draw_ws/install/turtle_commander/bin
[1.053s] writing list of installed files to '/home/frequis/ros/Visao-computacional-Ros/turtle_draw_ws/build/turtle_commander/install.log'
[1.076s] Invoked command in '/home/frequis/ros/Visao-computacional-Ros/turtle_draw_ws/src/turtle_commander' returned '0': DEBUGINFOD_URLS=https://debuginfod.ubuntu.com PYTHONPATH=/home/frequis/ros/Visao-computacional-Ros/turtle_draw_ws/build/turtle_commander/prefix_override:/usr/lib/python3/dist-packages/colcon_core/task/python/colcon_distutils_commands:/home/frequis/ros/Visao-computacional-Ros/turtle_draw_ws/install/turtle_commander/lib/python3.12/site-packages:${PYTHONPATH} /usr/bin/python3 -W ignore:setup.py install is deprecated -W ignore:easy_install command is deprecated setup.py egg_info --egg-base ../../build/turtle_commander build --build-base /home/frequis/ros/Visao-computacional-Ros/turtle_draw_ws/build/turtle_commander/build install --record /home/frequis/ros/Visao-computacional-Ros/turtle_draw_ws/build/turtle_commander/install.log --single-version-externally-managed install_data
