[0.085s] DEBUG:colcon:Command line arguments: ['/usr/bin/colcon', 'build', '--packages-select', 'turtle_commander']
[0.085s] DEBUG:colcon:Parsed command line arguments: Namespace(log_base=None, log_level=None, verb_name='build', build_base='build', install_base='install', merge_install=False, symlink_install=False, test_result_base=None, continue_on_error=False, executor='parallel', parallel_workers=8, event_handlers=None, ignore_user_meta=False, metas=['./colcon.meta'], base_paths=['.'], packages_ignore=None, packages_ignore_regex=None, paths=None, packages_up_to=None, packages_up_to_regex=None, packages_above=None, packages_above_and_dependencies=None, packages_above_depth=None, packages_select_by_dep=None, packages_skip_by_dep=None, packages_skip_up_to=None, packages_select_build_failed=False, packages_skip_build_finished=False, packages_select_test_failures=False, packages_skip_test_passed=False, packages_select=['turtle_commander'], packages_skip=None, packages_select_regex=None, packages_skip_regex=None, packages_start=None, packages_end=None, allow_overriding=[], cmake_args=None, cmake_target=None, cmake_target_skip_unavailable=False, cmake_clean_cache=False, cmake_clean_first=False, cmake_force_configure=False, ament_cmake_args=None, catkin_cmake_args=None, catkin_skip_building_tests=False, mixin_files=None, mixin=None, verb_parser=<colcon_mixin.mixin.mixin_argument.MixinArgumentDecorator object at 0x7720bf451df0>, verb_extension=<colcon_core.verb.build.BuildVerb object at 0x7720c13a6540>, main=<bound method BuildVerb.main of <colcon_core.verb.build.BuildVerb object at 0x7720c13a6540>>, mixin_verb=('build',))
[0.116s] Level 1:colcon.colcon_core.package_discovery:discover_packages(colcon_meta) check parameters
[0.116s] Level 1:colcon.colcon_core.package_discovery:discover_packages(recursive) check parameters
[0.116s] Level 1:colcon.colcon_core.package_discovery:discover_packages(ignore) check parameters
[0.116s] Level 1:colcon.colcon_core.package_discovery:discover_packages(path) check parameters
[0.116s] Level 1:colcon.colcon_core.package_discovery:discover_packages(colcon_meta) discover
[0.116s] Level 1:colcon.colcon_core.package_discovery:discover_packages(recursive) discover
[0.116s] INFO:colcon.colcon_core.package_discovery:Crawling recursively for packages in '/home/frequis/ros/Visao-computacional-Ros/turtle_draw_ws'
[0.116s] Level 1:colcon.colcon_core.package_identification:_identify(.) by extensions ['ignore', 'ignore_ament_install']
[0.116s] Level 1:colcon.colcon_core.package_identification:_identify(.) by extension 'ignore'
[0.116s] Level 1:colcon.colcon_core.package_identification:_identify(.) by extension 'ignore_ament_install'
[0.116s] Level 1:colcon.colcon_core.package_identification:_identify(.) by extensions ['colcon_pkg']
[0.116s] Level 1:colcon.colcon_core.package_identification:_identify(.) by extension 'colcon_pkg'
[0.116s] Level 1:colcon.colcon_core.package_identification:_identify(.) by extensions ['colcon_meta']
[0.116s] Level 1:colcon.colcon_core.package_identification:_identify(.) by extension 'colcon_meta'
[0.116s] Level 1:colcon.colcon_core.package_identification:_identify(.) by extensions ['ros']
[0.117s] Level 1:colcon.colcon_core.package_identification:_identify(.) by extension 'ros'
[0.138s] Level 1:colcon.colcon_core.package_identification:_identify(.) by extensions ['cmake', 'python']
[0.138s] Level 1:colcon.colcon_core.package_identification:_identify(.) by extension 'cmake'
[0.138s] Level 1:colcon.colcon_core.package_identification:_identify(.) by extension 'python'
[0.138s] Level 1:colcon.colcon_core.package_identification:_identify(.) by extensions ['python_setup_py']
[0.138s] Level 1:colcon.colcon_core.package_identification:_identify(.) by extension 'python_setup_py'
[0.138s] Level 1:colcon.colcon_core.package_identification:_identify(build) by extensions ['ignore', 'ignore_ament_install']
[0.138s] Level 1:colcon.colcon_core.package_identification:_identify(build) by extension 'ignore'
[0.138s] Level 1:colcon.colcon_core.package_identification:_identify(build) ignored
[0.138s] Level 1:colcon.colcon_core.package_identification:_identify(install) by extensions ['ignore', 'ignore_ament_install']
[0.138s] Level 1:colcon.colcon_core.package_identification:_identify(install) by extension 'ignore'
[0.138s] Level 1:colcon.colcon_core.package_identification:_identify(install) ignored
[0.139s] Level 1:colcon.colcon_core.package_identification:_identify(log) by extensions ['ignore', 'ignore_ament_install']
[0.139s] Level 1:colcon.colcon_core.package_identification:_identify(log) by extension 'ignore'
[0.139s] Level 1:colcon.colcon_core.package_identification:_identify(log) ignored
[0.139s] Level 1:colcon.colcon_core.package_identification:_identify(src) by extensions ['ignore', 'ignore_ament_install']
[0.139s] Level 1:colcon.colcon_core.package_identification:_identify(src) by extension 'ignore'
[0.139s] Level 1:colcon.colcon_core.package_identification:_identify(src) by extension 'ignore_ament_install'
[0.139s] Level 1:colcon.colcon_core.package_identification:_identify(src) by extensions ['colcon_pkg']
[0.139s] Level 1:colcon.colcon_core.package_identification:_identify(src) by extension 'colcon_pkg'
[0.139s] Level 1:colcon.colcon_core.package_identification:_identify(src) by extensions ['colcon_meta']
[0.139s] Level 1:colcon.colcon_core.package_identification:_identify(src) by extension 'colcon_meta'
[0.139s] Level 1:colcon.colcon_core.package_identification:_identify(src) by extensions ['ros']
[0.139s] Level 1:colcon.colcon_core.package_identification:_identify(src) by extension 'ros'
[0.139s] Level 1:colcon.colcon_core.package_identification:_identify(src) by extensions ['cmake', 'python']
[0.139s] Level 1:colcon.colcon_core.package_identification:_identify(src) by extension 'cmake'
[0.139s] Level 1:colcon.colcon_core.package_identification:_identify(src) by extension 'python'
[0.139s] Level 1:colcon.colcon_core.package_identification:_identify(src) by extensions ['python_setup_py']
[0.139s] Level 1:colcon.colcon_core.package_identification:_identify(src) by extension 'python_setup_py'
[0.139s] Level 1:colcon.colcon_core.package_identification:_identify(src/turtle_commander) by extensions ['ignore', 'ignore_ament_install']
[0.139s] Level 1:colcon.colcon_core.package_identification:_identify(src/turtle_commander) by extension 'ignore'
[0.140s] Level 1:colcon.colcon_core.package_identification:_identify(src/turtle_commander) by extension 'ignore_ament_install'
[0.140s] Level 1:colcon.colcon_core.package_identification:_identify(src/turtle_commander) by extensions ['colcon_pkg']
[0.140s] Level 1:colcon.colcon_core.package_identification:_identify(src/turtle_commander) by extension 'colcon_pkg'
[0.140s] Level 1:colcon.colcon_core.package_identification:_identify(src/turtle_commander) by extensions ['colcon_meta']
[0.140s] Level 1:colcon.colcon_core.package_identification:_identify(src/turtle_commander) by extension 'colcon_meta'
[0.140s] Level 1:colcon.colcon_core.package_identification:_identify(src/turtle_commander) by extensions ['ros']
[0.140s] Level 1:colcon.colcon_core.package_identification:_identify(src/turtle_commander) by extension 'ros'
[0.142s] DEBUG:colcon.colcon_core.package_identification:Package 'src/turtle_commander' with type 'ros.ament_python' and name 'turtle_commander'
[0.142s] Level 1:colcon.colcon_core.package_discovery:discover_packages(recursive) using defaults
[0.142s] Level 1:colcon.colcon_core.package_discovery:discover_packages(ignore) discover
[0.142s] Level 1:colcon.colcon_core.package_discovery:discover_packages(ignore) using defaults
[0.142s] Level 1:colcon.colcon_core.package_discovery:discover_packages(path) discover
[0.142s] Level 1:colcon.colcon_core.package_discovery:discover_packages(path) using defaults
[0.156s] Level 1:colcon.colcon_core.package_discovery:discover_packages(prefix_path) check parameters
[0.156s] Level 1:colcon.colcon_core.package_discovery:discover_packages(prefix_path) discover
[0.158s] DEBUG:colcon.colcon_installed_package_information.package_discovery:Found 287 installed packages in /opt/ros/jazzy
[0.158s] Level 1:colcon.colcon_core.package_discovery:discover_packages(prefix_path) using defaults
[0.191s] Level 5:colcon.colcon_core.verb:set package 'turtle_commander' build argument 'cmake_args' from command line to 'None'
[0.191s] Level 5:colcon.colcon_core.verb:set package 'turtle_commander' build argument 'cmake_target' from command line to 'None'
[0.191s] Level 5:colcon.colcon_core.verb:set package 'turtle_commander' build argument 'cmake_target_skip_unavailable' from command line to 'False'
[0.191s] Level 5:colcon.colcon_core.verb:set package 'turtle_commander' build argument 'cmake_clean_cache' from command line to 'False'
[0.191s] Level 5:colcon.colcon_core.verb:set package 'turtle_commander' build argument 'cmake_clean_first' from command line to 'False'
[0.191s] Level 5:colcon.colcon_core.verb:set package 'turtle_commander' build argument 'cmake_force_configure' from command line to 'False'
[0.191s] Level 5:colcon.colcon_core.verb:set package 'turtle_commander' build argument 'ament_cmake_args' from command line to 'None'
[0.191s] Level 5:colcon.colcon_core.verb:set package 'turtle_commander' build argument 'catkin_cmake_args' from command line to 'None'
[0.191s] Level 5:colcon.colcon_core.verb:set package 'turtle_commander' build argument 'catkin_skip_building_tests' from command line to 'False'
[0.191s] DEBUG:colcon.colcon_core.verb:Building package 'turtle_commander' with the following arguments: {'ament_cmake_args': None, 'build_base': '/home/frequis/ros/Visao-computacional-Ros/turtle_draw_ws/build/turtle_commander', 'catkin_cmake_args': None, 'catkin_skip_building_tests': False, 'cmake_args': None, 'cmake_clean_cache': False, 'cmake_clean_first': False, 'cmake_force_configure': False, 'cmake_target': None, 'cmake_target_skip_unavailable': False, 'install_base': '/home/frequis/ros/Visao-computacional-Ros/turtle_draw_ws/install/turtle_commander', 'merge_install': False, 'path': '/home/frequis/ros/Visao-computacional-Ros/turtle_draw_ws/src/turtle_commander', 'symlink_install': False, 'test_result_base': None}
[0.191s] INFO:colcon.colcon_core.executor:Executing jobs using 'parallel' executor
[0.192s] DEBUG:colcon.colcon_parallel_executor.executor.parallel:run_until_complete
[0.192s] INFO:colcon.colcon_ros.task.ament_python.build:Building ROS package in '/home/frequis/ros/Visao-computacional-Ros/turtle_draw_ws/src/turtle_commander' with build type 'ament_python'
[0.192s] Level 1:colcon.colcon_core.shell:create_environment_hook('turtle_commander', 'ament_prefix_path')
[0.193s] INFO:colcon.colcon_core.plugin_system:Skipping extension 'colcon_core.shell.bat': Not used on non-Windows systems
[0.194s] INFO:colcon.colcon_core.shell:Creating environment hook '/home/frequis/ros/Visao-computacional-Ros/turtle_draw_ws/install/turtle_commander/share/turtle_commander/hook/ament_prefix_path.ps1'
[0.194s] INFO:colcon.colcon_core.shell:Creating environment descriptor '/home/frequis/ros/Visao-computacional-Ros/turtle_draw_ws/install/turtle_commander/share/turtle_commander/hook/ament_prefix_path.dsv'
[0.194s] INFO:colcon.colcon_core.shell:Creating environment hook '/home/frequis/ros/Visao-computacional-Ros/turtle_draw_ws/install/turtle_commander/share/turtle_commander/hook/ament_prefix_path.sh'
[0.195s] INFO:colcon.colcon_core.shell:Skip shell extension 'powershell' for command environment: Not usable outside of PowerShell
[0.195s] DEBUG:colcon.colcon_core.shell:Skip shell extension 'dsv' for command environment
[0.356s] INFO:colcon.colcon_core.task.python.build:Building Python package in '/home/frequis/ros/Visao-computacional-Ros/turtle_draw_ws/src/turtle_commander'
[0.356s] INFO:colcon.colcon_core.shell:Skip shell extension 'powershell' for command environment: Not usable outside of PowerShell
[0.356s] DEBUG:colcon.colcon_core.shell:Skip shell extension 'dsv' for command environment
[0.790s] DEBUG:colcon.colcon_core.event_handler.log_command:Invoking command in '/home/frequis/ros/Visao-computacional-Ros/turtle_draw_ws/src/turtle_commander': DEBUGINFOD_URLS=https://debuginfod.ubuntu.com PYTHONPATH=/home/frequis/ros/Visao-computacional-Ros/turtle_draw_ws/build/turtle_commander/prefix_override:/usr/lib/python3/dist-packages/colcon_core/task/python/colcon_distutils_commands:/home/frequis/ros/Visao-computacional-Ros/turtle_draw_ws/install/turtle_commander/lib/python3.12/site-packages:${PYTHONPATH} /usr/bin/python3 -W ignore:setup.py install is deprecated -W ignore:easy_install command is deprecated setup.py egg_info --egg-base ../../build/turtle_commander build --build-base /home/frequis/ros/Visao-computacional-Ros/turtle_draw_ws/build/turtle_commander/build install --record /home/frequis/ros/Visao-computacional-Ros/turtle_draw_ws/build/turtle_commander/install.log --single-version-externally-managed install_data
[1.202s] DEBUG:colcon.colcon_core.event_handler.log_command:Invoked command in '/home/frequis/ros/Visao-computacional-Ros/turtle_draw_ws/src/turtle_commander' returned '0': DEBUGINFOD_URLS=https://debuginfod.ubuntu.com PYTHONPATH=/home/frequis/ros/Visao-computacional-Ros/turtle_draw_ws/build/turtle_commander/prefix_override:/usr/lib/python3/dist-packages/colcon_core/task/python/colcon_distutils_commands:/home/frequis/ros/Visao-computacional-Ros/turtle_draw_ws/install/turtle_commander/lib/python3.12/site-packages:${PYTHONPATH} /usr/bin/python3 -W ignore:setup.py install is deprecated -W ignore:easy_install command is deprecated setup.py egg_info --egg-base ../../build/turtle_commander build --build-base /home/frequis/ros/Visao-computacional-Ros/turtle_draw_ws/build/turtle_commander/build install --record /home/frequis/ros/Visao-computacional-Ros/turtle_draw_ws/build/turtle_commander/install.log --single-version-externally-managed install_data
[1.204s] Level 1:colcon.colcon_core.environment:checking '/home/frequis/ros/Visao-computacional-Ros/turtle_draw_ws/install/turtle_commander' for CMake module files
[1.204s] Level 1:colcon.colcon_core.environment:checking '/home/frequis/ros/Visao-computacional-Ros/turtle_draw_ws/install/turtle_commander' for CMake config files
[1.205s] Level 1:colcon.colcon_core.environment:checking '/home/frequis/ros/Visao-computacional-Ros/turtle_draw_ws/install/turtle_commander/lib'
[1.205s] Level 1:colcon.colcon_core.environment:checking '/home/frequis/ros/Visao-computacional-Ros/turtle_draw_ws/install/turtle_commander/bin'
[1.205s] Level 1:colcon.colcon_core.shell:create_environment_hook('turtle_commander', 'path')
[1.205s] INFO:colcon.colcon_core.shell:Creating environment hook '/home/frequis/ros/Visao-computacional-Ros/turtle_draw_ws/install/turtle_commander/share/turtle_commander/hook/path.ps1'
[1.205s] INFO:colcon.colcon_core.shell:Creating environment descriptor '/home/frequis/ros/Visao-computacional-Ros/turtle_draw_ws/install/turtle_commander/share/turtle_commander/hook/path.dsv'
[1.206s] INFO:colcon.colcon_core.shell:Creating environment hook '/home/frequis/ros/Visao-computacional-Ros/turtle_draw_ws/install/turtle_commander/share/turtle_commander/hook/path.sh'
[1.206s] Level 1:colcon.colcon_core.environment:checking '/home/frequis/ros/Visao-computacional-Ros/turtle_draw_ws/install/turtle_commander/lib/pkgconfig/turtle_commander.pc'
[1.206s] Level 1:colcon.colcon_core.environment:checking '/home/frequis/ros/Visao-computacional-Ros/turtle_draw_ws/install/turtle_commander/lib/python3.12/site-packages'
[1.206s] Level 1:colcon.colcon_core.shell:create_environment_hook('turtle_commander', 'pythonpath')
[1.206s] INFO:colcon.colcon_core.shell:Creating environment hook '/home/frequis/ros/Visao-computacional-Ros/turtle_draw_ws/install/turtle_commander/share/turtle_commander/hook/pythonpath.ps1'
[1.207s] INFO:colcon.colcon_core.shell:Creating environment descriptor '/home/frequis/ros/Visao-computacional-Ros/turtle_draw_ws/install/turtle_commander/share/turtle_commander/hook/pythonpath.dsv'
[1.207s] INFO:colcon.colcon_core.shell:Creating environment hook '/home/frequis/ros/Visao-computacional-Ros/turtle_draw_ws/install/turtle_commander/share/turtle_commander/hook/pythonpath.sh'
[1.207s] Level 1:colcon.colcon_core.environment:checking '/home/frequis/ros/Visao-computacional-Ros/turtle_draw_ws/install/turtle_commander/bin'
[1.207s] Level 1:colcon.colcon_core.shell:create_environment_hook('turtle_commander', 'pythonscriptspath')
[1.207s] INFO:colcon.colcon_core.shell:Creating environment hook '/home/frequis/ros/Visao-computacional-Ros/turtle_draw_ws/install/turtle_commander/share/turtle_commander/hook/pythonscriptspath.ps1'
[1.208s] INFO:colcon.colcon_core.shell:Creating environment descriptor '/home/frequis/ros/Visao-computacional-Ros/turtle_draw_ws/install/turtle_commander/share/turtle_commander/hook/pythonscriptspath.dsv'
[1.208s] INFO:colcon.colcon_core.shell:Creating environment hook '/home/frequis/ros/Visao-computacional-Ros/turtle_draw_ws/install/turtle_commander/share/turtle_commander/hook/pythonscriptspath.sh'
[1.208s] Level 1:colcon.colcon_core.environment:create_environment_scripts_only(turtle_commander)
[1.208s] INFO:colcon.colcon_core.shell:Creating package script '/home/frequis/ros/Visao-computacional-Ros/turtle_draw_ws/install/turtle_commander/share/turtle_commander/package.ps1'
[1.209s] INFO:colcon.colcon_core.shell:Creating package descriptor '/home/frequis/ros/Visao-computacional-Ros/turtle_draw_ws/install/turtle_commander/share/turtle_commander/package.dsv'
[1.210s] INFO:colcon.colcon_core.shell:Creating package script '/home/frequis/ros/Visao-computacional-Ros/turtle_draw_ws/install/turtle_commander/share/turtle_commander/package.sh'
[1.210s] INFO:colcon.colcon_core.shell:Creating package script '/home/frequis/ros/Visao-computacional-Ros/turtle_draw_ws/install/turtle_commander/share/turtle_commander/package.bash'
[1.211s] INFO:colcon.colcon_core.shell:Creating package script '/home/frequis/ros/Visao-computacional-Ros/turtle_draw_ws/install/turtle_commander/share/turtle_commander/package.zsh'
[1.211s] Level 1:colcon.colcon_core.environment:create_file_with_runtime_dependencies(/home/frequis/ros/Visao-computacional-Ros/turtle_draw_ws/install/turtle_commander/share/colcon-core/packages/turtle_commander)
[1.212s] DEBUG:colcon.colcon_parallel_executor.executor.parallel:closing loop
[1.212s] DEBUG:colcon.colcon_parallel_executor.executor.parallel:loop closed
[1.212s] DEBUG:colcon.colcon_parallel_executor.executor.parallel:run_until_complete finished with '0'
[1.212s] DEBUG:colcon.colcon_core.event_reactor:joining thread
[1.217s] INFO:colcon.colcon_core.plugin_system:Skipping extension 'colcon_notification.desktop_notification.terminal_notifier': Not used on non-Darwin systems
[1.217s] INFO:colcon.colcon_core.plugin_system:Skipping extension 'colcon_notification.desktop_notification.win32': Not used on non-Windows systems
[1.217s] INFO:colcon.colcon_notification.desktop_notification:Sending desktop notification using 'notify2'
[1.226s] DEBUG:colcon.colcon_core.event_reactor:joined thread
[1.227s] INFO:colcon.colcon_core.shell:Creating prefix script '/home/frequis/ros/Visao-computacional-Ros/turtle_draw_ws/install/local_setup.ps1'
[1.227s] INFO:colcon.colcon_core.shell:Creating prefix util module '/home/frequis/ros/Visao-computacional-Ros/turtle_draw_ws/install/_local_setup_util_ps1.py'
[1.228s] INFO:colcon.colcon_core.shell:Creating prefix chain script '/home/frequis/ros/Visao-computacional-Ros/turtle_draw_ws/install/setup.ps1'
[1.229s] INFO:colcon.colcon_core.shell:Creating prefix script '/home/frequis/ros/Visao-computacional-Ros/turtle_draw_ws/install/local_setup.sh'
[1.229s] INFO:colcon.colcon_core.shell:Creating prefix util module '/home/frequis/ros/Visao-computacional-Ros/turtle_draw_ws/install/_local_setup_util_sh.py'
[1.230s] INFO:colcon.colcon_core.shell:Creating prefix chain script '/home/frequis/ros/Visao-computacional-Ros/turtle_draw_ws/install/setup.sh'
[1.231s] INFO:colcon.colcon_core.shell:Creating prefix script '/home/frequis/ros/Visao-computacional-Ros/turtle_draw_ws/install/local_setup.bash'
[1.231s] INFO:colcon.colcon_core.shell:Creating prefix chain script '/home/frequis/ros/Visao-computacional-Ros/turtle_draw_ws/install/setup.bash'
[1.232s] INFO:colcon.colcon_core.shell:Creating prefix script '/home/frequis/ros/Visao-computacional-Ros/turtle_draw_ws/install/local_setup.zsh'
[1.232s] INFO:colcon.colcon_core.shell:Creating prefix chain script '/home/frequis/ros/Visao-computacional-Ros/turtle_draw_ws/install/setup.zsh'
