running egg_info
writing ../../build/turtle_commander/turtle_commander.egg-info/PKG-INFO
writing dependency_links to ../../build/turtle_commander/turtle_commander.egg-info/dependency_links.txt
writing entry points to ../../build/turtle_commander/turtle_commander.egg-info/entry_points.txt
writing requirements to ../../build/turtle_commander/turtle_commander.egg-info/requires.txt
writing top-level names to ../../build/turtle_commander/turtle_commander.egg-info/top_level.txt
reading manifest file '../../build/turtle_commander/turtle_commander.egg-info/SOURCES.txt'
writing manifest file '../../build/turtle_commander/turtle_commander.egg-info/SOURCES.txt'
running build
running build_py
copying turtle_commander/drawer_node.py -> /home/frequis/ros/Visao-computacional-Ros/turtle_draw_ws/build/turtle_commander/build/lib/turtle_commander
running install
running install_lib
copying /home/frequis/ros/Visao-computacional-Ros/turtle_draw_ws/build/turtle_commander/build/lib/turtle_commander/drawer_node.py -> /home/frequis/ros/Visao-computacional-Ros/turtle_draw_ws/install/turtle_commander/lib/python3.12/site-packages/turtle_commander
byte-compiling /home/frequis/ros/Visao-computacional-Ros/turtle_draw_ws/install/turtle_commander/lib/python3.12/site-packages/turtle_commander/drawer_node.py to drawer_node.cpython-312.pyc
running install_data
copying package.xml -> /home/frequis/ros/Visao-computacional-Ros/turtle_draw_ws/install/turtle_commander/share/turtle_commander
running install_egg_info
Copying ../../build/turtle_commander/turtle_commander.egg-info to /home/frequis/ros/Visao-computacional-Ros/turtle_draw_ws/install/turtle_commander/lib/python3.12/site-packages/turtle_commander-0.0.0-py3.12.egg-info
running install_scripts
Installing drawer_node script to /home/frequis/ros/Visao-computacional-Ros/turtle_draw_ws/install/turtle_commander/bin
writing list of installed files to '/home/frequis/ros/Visao-computacional-Ros/turtle_draw_ws/build/turtle_commander/install.log'
